wear/build/intermediates/manifest_merge_blame_file/debug/manifest-merger-blame-debug-report.txt
1<?xml version="1.0" encoding="utf-8"?>
2<!--
3     Copyright (C) 2021 The Android Open Source Project
4
5     Licensed under the Apache License, Version 2.0 (the "License");
6     you may not use this file except in compliance with the License.
7     You may obtain a copy of the License at
8
9          http://www.apache.org/licenses/LICENSE-2.0
10
11     Unless required by applicable law or agreed to in writing, software
12     distributed under the License is distributed on an "AS IS" BASIS,
13     WITHOUT WARRANTIES OR CONDITIONS OF ANY KIND, either express or implied.
14     See the License for the specific language governing permissions and
15     limitations under the License.
16-->
17<manifest xmlns:android="http://schemas.android.com/apk/res/android"
18    package="com.example.android.wearable.speaker"
19    android:versionCode="1"
20    android:versionName="1.0" >
21
22    <uses-sdk
23        android:minSdkVersion="26"
23-->src\main\AndroidManifest.xml
24        android:targetSdkVersion="30" />
24-->src\main\AndroidManifest.xml
25
26    <uses-feature android:name="android.hardware.type.watch" />
26-->src\main\AndroidManifest.xml:21:5-64
26-->src\main\AndroidManifest.xml:21:19-61
27
28    <!-- the following permission is required to record audio using a microphone -->
29    <uses-permission android:name="android.permission.RECORD_AUDIO" />
29-->src\main\AndroidManifest.xml:24:5-71
29-->src\main\AndroidManifest.xml:24:22-68
30
31    <queries>
31-->[androidx.media:media:1.4.1] AndroidManifest.xml:24:5-28:15
32        <intent>
32-->[androidx.media:media:1.4.1] AndroidManifest.xml:25:9-27:18
33            <action android:name="android.media.browse.MediaBrowserService" />
33-->[androidx.media:media:1.4.1] AndroidManifest.xml:26:13-79
33-->[androidx.media:media:1.4.1] AndroidManifest.xml:26:21-76
34        </intent>
35    </queries>
36
37    <application
37-->src\main\AndroidManifest.xml:26:5-47:19
38        android:allowBackup="true"
38-->src\main\AndroidManifest.xml:27:9-35
39        android:appComponentFactory="androidx.core.app.CoreComponentFactory"
39-->[androidx.core:core:1.6.0] AndroidManifest.xml:24:18-86
40        android:debuggable="true"
41        android:extractNativeLibs="false"
42        android:icon="@mipmap/ic_launcher"
42-->src\main\AndroidManifest.xml:28:9-43
43        android:label="@string/app_name"
43-->src\main\AndroidManifest.xml:29:9-41
44        android:supportsRtl="true"
44-->src\main\AndroidManifest.xml:30:9-35
45        android:testOnly="true"
46        android:theme="@style/Theme.AppCompat.NoActionBar" >
46-->src\main\AndroidManifest.xml:31:9-59
47        <meta-data
47-->src\main\AndroidManifest.xml:33:9-35:36
48            android:name="com.google.android.wearable.standalone"
48-->src\main\AndroidManifest.xml:34:13-66
49            android:value="true" />
49-->src\main\AndroidManifest.xml:35:13-33
50
51        <activity
51-->src\main\AndroidManifest.xml:37:9-46:20
52            android:name="com.example.android.wearable.speaker.MainActivity"
52-->src\main\AndroidManifest.xml:38:13-41
53            android:exported="true"
53-->src\main\AndroidManifest.xml:40:13-36
54            android:label="@string/app_name" >
54-->src\main\AndroidManifest.xml:39:13-45
55            <intent-filter>
55-->src\main\AndroidManifest.xml:41:13-45:29
56                <action android:name="android.intent.action.MAIN" />
56-->src\main\AndroidManifest.xml:42:17-69
56-->src\main\AndroidManifest.xml:42:25-66
57
58                <category android:name="android.intent.category.LAUNCHER" />
58-->src\main\AndroidManifest.xml:44:17-77
58-->src\main\AndroidManifest.xml:44:27-74
59            </intent-filter>
60        </activity>
61    </application>
62
63</manifest>